android/app/build/intermediates/manifest_merge_blame_file/debug/manifest-merger-blame-debug-report.txt
1<?xml version="1.0" encoding="utf-8"?>
2<manifest xmlns:android="http://schemas.android.com/apk/res/android"
3    package="com.rentalx"
4    android:versionCode="1"
5    android:versionName="1.0" >
6
7    <uses-sdk
8        android:minSdkVersion="21"
9        android:targetSdkVersion="30" />
10
11    <uses-permission android:name="android.permission.SYSTEM_ALERT_WINDOW" />
11-->src/main/AndroidManifest.xml:3:3-75
11-->src/main/AndroidManifest.xml:3:20-73
12    <uses-permission android:name="android.permission.INTERNET" />
12-->src/main/AndroidManifest.xml:2:3-64
12-->src/main/AndroidManifest.xml:2:20-62
13    <uses-permission android:name="android.permission.READ_PHONE_STATE" />
13-->src/main/AndroidManifest.xml:4:3-72
13-->src/main/AndroidManifest.xml:4:20-70
14    <uses-permission android:name="android.permission.VIBRATE" />
14-->src/main/AndroidManifest.xml:5:3-63
14-->src/main/AndroidManifest.xml:5:20-61
15    <uses-permission android:name="android.permission.MODIFY_AUDIO_SETTINGS" />
15-->src/main/AndroidManifest.xml:6:3-77
15-->src/main/AndroidManifest.xml:6:20-75
16    <uses-permission android:name="android.permission.READ_EXTERNAL_STORAGE" />
16-->src/main/AndroidManifest.xml:7:3-77
16-->src/main/AndroidManifest.xml:7:20-75
17    <uses-permission android:name="android.permission.WRITE_EXTERNAL_STORAGE" />
17-->src/main/AndroidManifest.xml:8:3-78
17-->src/main/AndroidManifest.xml:8:20-76
18    <uses-permission android:name="android.permission.ACCESS_WIFI_STATE" />
18-->[com.facebook.flipper:flipper:0.54.0] AndroidManifest.xml:16:5-76
18-->[com.facebook.flipper:flipper:0.54.0] AndroidManifest.xml:16:22-73
19    <uses-permission android:name="android.permission.ACCESS_NETWORK_STATE" />
19-->[:expo-updates] AndroidManifest.xml:11:5-79
19-->[:expo-updates] AndroidManifest.xml:11:22-76
20    <uses-permission android:name="com.google.android.finsky.permission.BIND_GET_INSTALL_REFERRER_SERVICE" />
20-->[com.android.installreferrer:installreferrer:1.0] AndroidManifest.xml:9:5-110
20-->[com.android.installreferrer:installreferrer:1.0] AndroidManifest.xml:9:22-107
21
22    <application
22-->src/main/AndroidManifest.xml:9:3-22:17
23        android:name="com.rentalx.MainApplication"
23-->src/main/AndroidManifest.xml:9:16-47
24        android:allowBackup="false"
24-->src/main/AndroidManifest.xml:9:162-189
25        android:appComponentFactory="androidx.core.app.CoreComponentFactory"
25-->[androidx.core:core:1.3.0] AndroidManifest.xml:24:18-86
26        android:debuggable="true"
27        android:icon="@mipmap/ic_launcher"
27-->src/main/AndroidManifest.xml:9:81-115
28        android:label="@string/app_name"
28-->src/main/AndroidManifest.xml:9:48-80
29        android:roundIcon="@mipmap/ic_launcher_round"
29-->src/main/AndroidManifest.xml:9:116-161
30        android:theme="@style/AppTheme"
30-->src/main/AndroidManifest.xml:9:190-221
31        android:usesCleartextTraffic="true" >
31-->src/debug/AndroidManifest.xml:6:18-53
32        <meta-data
32-->src/main/AndroidManifest.xml:10:5-124
33            android:name="expo.modules.updates.EXPO_UPDATE_URL"
33-->src/main/AndroidManifest.xml:10:16-67
34            android:value="https://exp.host/@maykobarbosa/rentalx" />
34-->src/main/AndroidManifest.xml:10:68-122
35        <meta-data
35-->src/main/AndroidManifest.xml:11:5-93
36            android:name="expo.modules.updates.EXPO_SDK_VERSION"
36-->src/main/AndroidManifest.xml:11:16-68
37            android:value="41.0.0" />
37-->src/main/AndroidManifest.xml:11:69-91
38        <meta-data
38-->src/main/AndroidManifest.xml:12:5-82
39            android:name="expo.modules.updates.ENABLED"
39-->src/main/AndroidManifest.xml:12:16-59
40            android:value="true" />
40-->src/main/AndroidManifest.xml:12:60-80
41        <meta-data
41-->src/main/AndroidManifest.xml:13:5-105
42            android:name="expo.modules.updates.EXPO_UPDATES_CHECK_ON_LAUNCH"
42-->src/main/AndroidManifest.xml:13:16-80
43            android:value="ALWAYS" />
43-->src/main/AndroidManifest.xml:13:81-103
44        <meta-data
44-->src/main/AndroidManifest.xml:14:5-99
45            android:name="expo.modules.updates.EXPO_UPDATES_LAUNCH_WAIT_MS"
45-->src/main/AndroidManifest.xml:14:16-79
46            android:value="0" />
46-->src/main/AndroidManifest.xml:14:80-97
47
48        <activity
48-->src/main/AndroidManifest.xml:15:5-20:16
49            android:name="com.rentalx.MainActivity"
49-->src/main/AndroidManifest.xml:15:15-43
50            android:configChanges="keyboard|keyboardHidden|orientation|screenSize|uiMode"
50-->src/main/AndroidManifest.xml:15:77-154
51            android:label="@string/app_name"
51-->src/main/AndroidManifest.xml:15:44-76
52            android:launchMode="singleTask"
52-->src/main/AndroidManifest.xml:15:155-186
53            android:theme="@style/Theme.App.SplashScreen"
53-->src/main/AndroidManifest.xml:15:230-275
54            android:windowSoftInputMode="adjustResize" >
54-->src/main/AndroidManifest.xml:15:187-229
55            <intent-filter>
55-->src/main/AndroidManifest.xml:16:7-19:23
56                <action android:name="android.intent.action.MAIN" />
56-->src/main/AndroidManifest.xml:17:9-60
56-->src/main/AndroidManifest.xml:17:17-58
57
58                <category android:name="android.intent.category.LAUNCHER" />
58-->src/main/AndroidManifest.xml:18:9-68
58-->src/main/AndroidManifest.xml:18:19-66
59            </intent-filter>
60        </activity>
61        <activity android:name="com.facebook.react.devsupport.DevSettingsActivity" />
61-->src/main/AndroidManifest.xml:21:5-81
61-->src/main/AndroidManifest.xml:21:15-79
62
63        <meta-data
63-->[:unimodules-react-native-adapter] AndroidManifest.xml:12:9-14:91
64            android:name="org.unimodules.core.AppLoader#react-native-headless"
64-->[:unimodules-react-native-adapter] AndroidManifest.xml:13:13-79
65            android:value="org.unimodules.adapters.react.apploader.RNHeadlessAppLoader" />
65-->[:unimodules-react-native-adapter] AndroidManifest.xml:14:13-88
66
67        <provider
67-->[:expo-file-system] AndroidManifest.xml:17:9-26:20
68            android:name="expo.modules.filesystem.FileSystemFileProvider"
68-->[:expo-file-system] AndroidManifest.xml:18:13-74
69            android:authorities="com.rentalx.FileSystemFileProvider"
69-->[:expo-file-system] AndroidManifest.xml:19:13-74
70            android:exported="false"
70-->[:expo-file-system] AndroidManifest.xml:20:13-37
71            android:grantUriPermissions="true" >
71-->[:expo-file-system] AndroidManifest.xml:21:13-47
72            <meta-data
72-->[:expo-file-system] AndroidManifest.xml:23:13-25:70
73                android:name="android.support.FILE_PROVIDER_PATHS"
73-->[:expo-file-system] AndroidManifest.xml:24:17-67
74                android:resource="@xml/file_system_provider_paths" />
74-->[:expo-file-system] AndroidManifest.xml:25:17-67
75        </provider>
76
77        <service
77-->[androidx.room:room-runtime:2.1.0] AndroidManifest.xml:25:9-27:40
78            android:name="androidx.room.MultiInstanceInvalidationService"
78-->[androidx.room:room-runtime:2.1.0] AndroidManifest.xml:26:13-74
79            android:exported="false" />
79-->[androidx.room:room-runtime:2.1.0] AndroidManifest.xml:27:13-37
80    </application>
81
82</manifest>